
##########################
        cloud_enum
   github.com/initstring
##########################


Keywords:    sskyroute
Mutations:   /home/skyroute/cloud-1/capstone/capstone/tools/cloud_enum/enum_tools/fuzz.txt
Brute-list:  /home/skyroute/cloud-1/capstone/capstone/tools/cloud_enum/enum_tools/fuzz.txt

[+] Mutations list imported: 3 items
[+] Mutated results: 19 items

++++++++++++++++++++++++++
      amazon checks
++++++++++++++++++++++++++

[+] Checking for S3 buckets
  [1m[92mOPEN S3 BUCKET: http://sskyroute.s3.ap-northeast-2.amazonaws.com/[0m
      FILES:
      ->http://sskyroute.s3.ap-northeast-2.amazonaws.com/sskyroute
  [1m[33mProtected S3 Bucket: http://sskyroute-userdata.s3.ap-northeast-2.amazonaws.com/[0m
    5/19 complete...
  [1m[92mOPEN S3 BUCKET: http://sskyroute-private.s3.ap-northeast-2.amazonaws.com/[0m
      FILES:
      ->http://sskyroute-private.s3.ap-northeast-2.amazonaws.com/sskyroute-private
    10/19 complete...
    [!] Timeout on privatesskyroute.s3.ap-northeast-2.amazonaws.com. Investigate if there are many of these
    [!] Connection error on private.sskyroute.s3.ap-northeast-2.amazonaws.com:
HTTPConnectionPool(host='private.sskyroute.s3.ap-northeast-2.amazonaws.com', port=80): Max retries exceeded with url: / (Caused by NewConnectionError('<urllib3.connection.HTTPConnection object at 0x7f9138b6a9d0>: Failed to establish a new connection: [Errno -3] Temporary failure in name resolution'))
    [!] Connection error on private-sskyroute.s3.ap-northeast-2.amazonaws.com:
HTTPConnectionPool(host='private-sskyroute.s3.ap-northeast-2.amazonaws.com', port=80): Max retries exceeded with url: / (Caused by NewConnectionError('<urllib3.connection.HTTPConnection object at 0x7f9138b83910>: Failed to establish a new connection: [Errno -3] Temporary failure in name resolution'))
    [!] Connection error on sskyroutetest.s3.ap-northeast-2.amazonaws.com:
HTTPConnectionPool(host='sskyroutetest.s3.ap-northeast-2.amazonaws.com', port=80): Max retries exceeded with url: / (Caused by NewConnectionError('<urllib3.connection.HTTPConnection object at 0x7f9138b83b20>: Failed to establish a new connection: [Errno -3] Temporary failure in name resolution'))
    [!] Connection error on sskyroute.test.s3.ap-northeast-2.amazonaws.com:
HTTPConnectionPool(host='sskyroute.test.s3.ap-northeast-2.amazonaws.com', port=80): Max retries exceeded with url: / (Caused by NewConnectionError('<urllib3.connection.HTTPConnection object at 0x7f913833e190>: Failed to establish a new connection: [Errno -3] Temporary failure in name resolution'))
    15/19 complete...
    [!] Connection error on sskyroute-test.s3.ap-northeast-2.amazonaws.com:
HTTPConnectionPool(host='sskyroute-test.s3.ap-northeast-2.amazonaws.com', port=80): Max retries exceeded with url: / (Caused by NewConnectionError('<urllib3.connection.HTTPConnection object at 0x7f9138b83d00>: Failed to establish a new connection: [Errno -3] Temporary failure in name resolution'))
    [!] Connection error on testsskyroute.s3.ap-northeast-2.amazonaws.com:
HTTPConnectionPool(host='testsskyroute.s3.ap-northeast-2.amazonaws.com', port=80): Max retries exceeded with url: / (Caused by NewConnectionError('<urllib3.connection.HTTPConnection object at 0x7f9138b6af70>: Failed to establish a new connection: [Errno -3] Temporary failure in name resolution'))
    [!] Connection error on test.sskyroute.s3.ap-northeast-2.amazonaws.com:
HTTPConnectionPool(host='test.sskyroute.s3.ap-northeast-2.amazonaws.com', port=80): Max retries exceeded with url: / (Caused by NewConnectionError('<urllib3.connection.HTTPConnection object at 0x7f9138332490>: Failed to establish a new connection: [Errno -3] Temporary failure in name resolution'))
    [!] Connection error on test-sskyroute.s3.ap-northeast-2.amazonaws.com:
HTTPConnectionPool(host='test-sskyroute.s3.ap-northeast-2.amazonaws.com', port=80): Max retries exceeded with url: / (Caused by NewConnectionError('<urllib3.connection.HTTPConnection object at 0x7f9138332cd0>: Failed to establish a new connection: [Errno -3] Temporary failure in name resolution'))
    20/19 complete...
                            
 Elapsed time: 00:00:56

[+] Checking for AWS Apps
[*] Brute-forcing a list of 19 possible DNS names
    [!] DNS Timeout on sskyroute-userdata.awsapps.com. Investigate if there are many of these.
    [!] DNS Timeout on userdatasskyroute.awsapps.com. Investigate if there are many of these.
    [!] DNS Timeout on sskyroute.userdata.awsapps.com. Investigate if there are many of these.
    [!] DNS Timeout on sskyrouteuserdata.awsapps.com. Investigate if there are many of these.
    [!] DNS Timeout on sskyroute.awsapps.com. Investigate if there are many of these.
    5/19 complete...
    [!] DNS Timeout on userdata.sskyroute.awsapps.com. Investigate if there are many of these.
    [!] DNS Timeout on userdata-sskyroute.awsapps.com. Investigate if there are many of these.
    [!] DNS Timeout on sskyrouteprivate.awsapps.com. Investigate if there are many of these.
    [!] DNS Timeout on sskyroute.private.awsapps.com. Investigate if there are many of these.
    [!] DNS Timeout on sskyroute-private.awsapps.com. Investigate if there are many of these.
    10/19 complete...
    [!] DNS Timeout on privatesskyroute.awsapps.com. Investigate if there are many of these.
    [!] DNS Timeout on private.sskyroute.awsapps.com. Investigate if there are many of these.
    [!] DNS Timeout on sskyroute.test.awsapps.com. Investigate if there are many of these.
    [!] DNS Timeout on private-sskyroute.awsapps.com. Investigate if there are many of these.
    [!] DNS Timeout on sskyroutetest.awsapps.com. Investigate if there are many of these.
    15/19 complete...
    [!] DNS Timeout on test-sskyroute.awsapps.com. Investigate if there are many of these.
    [!] DNS Timeout on sskyroute-test.awsapps.com. Investigate if there are many of these.
    [!] DNS Timeout on testsskyroute.awsapps.com. Investigate if there are many of these.
    [!] DNS Timeout on test.sskyroute.awsapps.com. Investigate if there are many of these.
    20/19 complete...
                            
 Elapsed time: 00:00:20


++++++++++++++++++++++++++
       azure checks
++++++++++++++++++++++++++

[+] Checking for Azure Storage Accounts
[*] Brute-forcing a list of 7 possible DNS names
    [!] DNS Timeout on sskyrouteprivate.blob.core.windows.net. Investigate if there are many of these.
    [!] DNS Timeout on sskyrouteuserdata.blob.core.windows.net. Investigate if there are many of these.
    [!] DNS Timeout on userdatasskyroute.blob.core.windows.net. Investigate if there are many of these.
    [!] DNS Timeout on sskyroute.blob.core.windows.net. Investigate if there are many of these.
    [!] DNS Timeout on privatesskyroute.blob.core.windows.net. Investigate if there are many of these.
    5/7 complete...
    [!] DNS Timeout on sskyroutetest.blob.core.windows.net. Investigate if there are many of these.
    [!] DNS Timeout on testsskyroute.blob.core.windows.net. Investigate if there are many of these.
    10/7 complete...
                            
                            
 Elapsed time: 00:00:10

[+] Checking for Azure File Accounts
[*] Brute-forcing a list of 7 possible DNS names
    [!] DNS Timeout on sskyrouteprivate.file.core.windows.net. Investigate if there are many of these.
    [!] DNS Timeout on userdatasskyroute.file.core.windows.net. Investigate if there are many of these.
    [!] DNS Timeout on sskyroute.file.core.windows.net. Investigate if there are many of these.
    [!] DNS Timeout on sskyrouteuserdata.file.core.windows.net. Investigate if there are many of these.
    [!] DNS Timeout on privatesskyroute.file.core.windows.net. Investigate if there are many of these.
    5/7 complete...
    [!] DNS Timeout on sskyroutetest.file.core.windows.net. Investigate if there are many of these.
    [!] DNS Timeout on testsskyroute.file.core.windows.net. Investigate if there are many of these.
    10/7 complete...
                            
                            
 Elapsed time: 00:00:10

[+] Checking for Azure Queue Accounts
[*] Brute-forcing a list of 7 possible DNS names
    [!] DNS Timeout on userdatasskyroute.queue.core.windows.net. Investigate if there are many of these.
    [!] DNS Timeout on sskyrouteuserdata.queue.core.windows.net. Investigate if there are many of these.
    [!] DNS Timeout on sskyrouteprivate.queue.core.windows.net. Investigate if there are many of these.
    [!] DNS Timeout on sskyroute.queue.core.windows.net. Investigate if there are many of these.
    [!] DNS Timeout on privatesskyroute.queue.core.windows.net. Investigate if there are many of these.
    5/7 complete...
    [!] DNS Timeout on sskyroutetest.queue.core.windows.net. Investigate if there are many of these.
    [!] DNS Timeout on testsskyroute.queue.core.windows.net. Investigate if there are many of these.
    10/7 complete...
                            
                            
 Elapsed time: 00:00:10

[+] Checking for Azure Table Accounts
[*] Brute-forcing a list of 7 possible DNS names
    [!] DNS Timeout on sskyrouteuserdata.table.core.windows.net. Investigate if there are many of these.
    [!] DNS Timeout on sskyroute.table.core.windows.net. Investigate if there are many of these.
    [!] DNS Timeout on sskyrouteprivate.table.core.windows.net. Investigate if there are many of these.
    [!] DNS Timeout on userdatasskyroute.table.core.windows.net. Investigate if there are many of these.
    [!] DNS Timeout on privatesskyroute.table.core.windows.net. Investigate if there are many of these.
    5/7 complete...
    [!] DNS Timeout on testsskyroute.table.core.windows.net. Investigate if there are many of these.
    [!] DNS Timeout on sskyroutetest.table.core.windows.net. Investigate if there are many of these.
    10/7 complete...
                            
                            
 Elapsed time: 00:00:10

[+] Checking for Azure App Management Accounts
[*] Brute-forcing a list of 7 possible DNS names
    [!] DNS Timeout on sskyrouteuserdata.scm.azurewebsites.net. Investigate if there are many of these.
    [!] DNS Timeout on sskyroute.scm.azurewebsites.net. Investigate if there are many of these.
    [!] DNS Timeout on privatesskyroute.scm.azurewebsites.net. Investigate if there are many of these.
    [!] DNS Timeout on sskyrouteprivate.scm.azurewebsites.net. Investigate if there are many of these.
    5/7 complete...
    [!] DNS Timeout on sskyroutetest.scm.azurewebsites.net. Investigate if there are many of these.
    10/7 complete...
                            
                            
 Elapsed time: 00:00:10

[+] Checking for Azure Key Vault Accounts
[*] Brute-forcing a list of 7 possible DNS names
    [!] DNS Timeout on sskyrouteprivate.vault.azure.net. Investigate if there are many of these.
    [!] DNS Timeout on sskyrouteuserdata.vault.azure.net. Investigate if there are many of these.
    [!] DNS Timeout on userdatasskyroute.vault.azure.net. Investigate if there are many of these.
    [!] DNS Timeout on sskyroute.vault.azure.net. Investigate if there are many of these.
    [!] DNS Timeout on privatesskyroute.vault.azure.net. Investigate if there are many of these.
    5/7 complete...
    [!] DNS Timeout on sskyroutetest.vault.azure.net. Investigate if there are many of these.
    [!] DNS Timeout on testsskyroute.vault.azure.net. Investigate if there are many of these.
    10/7 complete...
                            
                            
 Elapsed time: 00:00:10

[+] Checking for Azure Websites
[*] Brute-forcing a list of 19 possible DNS names
    [!] DNS Timeout on userdatasskyroute.azurewebsites.net. Investigate if there are many of these.
    [!] DNS Timeout on sskyroute.userdata.azurewebsites.net. Investigate if there are many of these.
    [!] DNS Timeout on sskyroute-userdata.azurewebsites.net. Investigate if there are many of these.
    [!] DNS Timeout on sskyrouteuserdata.azurewebsites.net. Investigate if there are many of these.
    [!] DNS Timeout on sskyroute.azurewebsites.net. Investigate if there are many of these.
    5/19 complete...
    [!] DNS Timeout on userdata.sskyroute.azurewebsites.net. Investigate if there are many of these.
    [!] DNS Timeout on sskyroute.private.azurewebsites.net. Investigate if there are many of these.
    [!] DNS Timeout on userdata-sskyroute.azurewebsites.net. Investigate if there are many of these.
    [!] DNS Timeout on sskyrouteprivate.azurewebsites.net. Investigate if there are many of these.
    [!] DNS Timeout on sskyroute-private.azurewebsites.net. Investigate if there are many of these.
    10/19 complete...
    [!] DNS Timeout on privatesskyroute.azurewebsites.net. Investigate if there are many of these.
    [!] DNS Timeout on private.sskyroute.azurewebsites.net. Investigate if there are many of these.
    [!] DNS Timeout on private-sskyroute.azurewebsites.net. Investigate if there are many of these.
    15/19 complete...
    [!] DNS Timeout on sskyroute-test.azurewebsites.net. Investigate if there are many of these.
    [!] DNS Timeout on test-sskyroute.azurewebsites.net. Investigate if there are many of these.
    [!] DNS Timeout on testsskyroute.azurewebsites.net. Investigate if there are many of these.
    [!] DNS Timeout on test.sskyroute.azurewebsites.net. Investigate if there are many of these.
    20/19 complete...
                            
 Elapsed time: 00:00:20

[+] Checking for Azure Databases
[*] Brute-forcing a list of 19 possible DNS names
    [!] DNS Timeout on userdatasskyroute.database.windows.net. Investigate if there are many of these.
    [!] DNS Timeout on sskyroute.userdata.database.windows.net. Investigate if there are many of these.
    [!] DNS Timeout on sskyrouteuserdata.database.windows.net. Investigate if there are many of these.
    [!] DNS Timeout on sskyroute-userdata.database.windows.net. Investigate if there are many of these.
    [!] DNS Timeout on sskyroute.database.windows.net. Investigate if there are many of these.
    5/19 complete...
    [!] DNS Timeout on userdata.sskyroute.database.windows.net. Investigate if there are many of these.
    [!] DNS Timeout on sskyroute-private.database.windows.net. Investigate if there are many of these.
    [!] DNS Timeout on sskyrouteprivate.database.windows.net. Investigate if there are many of these.
    [!] DNS Timeout on sskyroute.private.database.windows.net. Investigate if there are many of these.
    [!] DNS Timeout on userdata-sskyroute.database.windows.net. Investigate if there are many of these.
    10/19 complete...
    [!] DNS Timeout on private-sskyroute.database.windows.net. Investigate if there are many of these.
    [!] DNS Timeout on private.sskyroute.database.windows.net. Investigate if there are many of these.
    [!] DNS Timeout on sskyroutetest.database.windows.net. Investigate if there are many of these.
    [!] DNS Timeout on sskyroute.test.database.windows.net. Investigate if there are many of these.
    [!] DNS Timeout on privatesskyroute.database.windows.net. Investigate if there are many of these.
    15/19 complete...
    [!] DNS Timeout on test.sskyroute.database.windows.net. Investigate if there are many of these.
    [!] DNS Timeout on test-sskyroute.database.windows.net. Investigate if there are many of these.
    [!] DNS Timeout on testsskyroute.database.windows.net. Investigate if there are many of these.
    [!] DNS Timeout on sskyroute-test.database.windows.net. Investigate if there are many of these.
    20/19 complete...
                            
 Elapsed time: 00:00:20

[+] Checking for Azure Virtual Machines
[*] Testing across 1 regions defined in the config file
[*] Brute-forcing a list of 19 possible DNS names
    [!] DNS Timeout on sskyrouteuserdata.eastus.cloudapp.azure.com. Investigate if there are many of these.
    [!] DNS Timeout on sskyroute.eastus.cloudapp.azure.com. Investigate if there are many of these.
    [!] DNS Timeout on sskyroute.userdata.eastus.cloudapp.azure.com. Investigate if there are many of these.
    [!] DNS Timeout on userdatasskyroute.eastus.cloudapp.azure.com. Investigate if there are many of these.
    [!] DNS Timeout on sskyroute-userdata.eastus.cloudapp.azure.com. Investigate if there are many of these.
    5/19 complete...
    [!] DNS Timeout on userdata.sskyroute.eastus.cloudapp.azure.com. Investigate if there are many of these.
    [!] DNS Timeout on userdata-sskyroute.eastus.cloudapp.azure.com. Investigate if there are many of these.
    [!] DNS Timeout on sskyrouteprivate.eastus.cloudapp.azure.com. Investigate if there are many of these.
    10/19 complete...
    [!] DNS Timeout on private-sskyroute.eastus.cloudapp.azure.com. Investigate if there are many of these.
    [!] DNS Timeout on sskyroute.test.eastus.cloudapp.azure.com. Investigate if there are many of these.
    [!] DNS Timeout on sskyroutetest.eastus.cloudapp.azure.com. Investigate if there are many of these.
    [!] DNS Timeout on privatesskyroute.eastus.cloudapp.azure.com. Investigate if there are many of these.
    [!] DNS Timeout on private.sskyroute.eastus.cloudapp.azure.com. Investigate if there are many of these.
    15/19 complete...
    [!] DNS Timeout on test.sskyroute.eastus.cloudapp.azure.com. Investigate if there are many of these.
    [!] DNS Timeout on test-sskyroute.eastus.cloudapp.azure.com. Investigate if there are many of these.
    [!] DNS Timeout on testsskyroute.eastus.cloudapp.azure.com. Investigate if there are many of these.
    [!] DNS Timeout on sskyroute-test.eastus.cloudapp.azure.com. Investigate if there are many of these.
    20/19 complete...
                            
 Elapsed time: 00:00:20


++++++++++++++++++++++++++
      google checks
++++++++++++++++++++++++++

[+] Checking for Google buckets
    5/19 complete...
    10/19 complete...
    [!] Timeout on storage.googleapis.com/privatesskyroute. Investigate if there are many of these
    [!] Timeout on storage.googleapis.com/private.sskyroute. Investigate if there are many of these
    [!] Timeout on storage.googleapis.com/sskyroute.test. Investigate if there are many of these
    15/19 complete...
    [!] Connection error on storage.googleapis.com/sskyroute-test:
HTTPConnectionPool(host='storage.googleapis.com', port=80): Max retries exceeded with url: /sskyroute-test (Caused by NewConnectionError('<urllib3.connection.HTTPConnection object at 0x7f9138299a30>: Failed to establish a new connection: [Errno -3] Temporary failure in name resolution'))
    [!] Connection error on storage.googleapis.com/testsskyroute:
HTTPConnectionPool(host='storage.googleapis.com', port=80): Max retries exceeded with url: /testsskyroute (Caused by NewConnectionError('<urllib3.connection.HTTPConnection object at 0x7f91382ae820>: Failed to establish a new connection: [Errno -3] Temporary failure in name resolution'))
    [!] Connection error on storage.googleapis.com/test.sskyroute:
HTTPConnectionPool(host='storage.googleapis.com', port=80): Max retries exceeded with url: /test.sskyroute (Caused by NewConnectionError('<urllib3.connection.HTTPConnection object at 0x7f9138b832e0>: Failed to establish a new connection: [Errno -3] Temporary failure in name resolution'))
    [!] Connection error on storage.googleapis.com/test-sskyroute:
HTTPConnectionPool(host='storage.googleapis.com', port=80): Max retries exceeded with url: /test-sskyroute (Caused by NewConnectionError('<urllib3.connection.HTTPConnection object at 0x7f91382bea90>: Failed to establish a new connection: [Errno -3] Temporary failure in name resolution'))
    20/19 complete...
                            
 Elapsed time: 00:02:02

[+] Checking for Google Firebase Realtime Databases
    [!] Connection error on sskyroute-userdata.firebaseio.com/.json:
HTTPSConnectionPool(host='sskyroute-userdata.firebaseio.com', port=443): Max retries exceeded with url: /.json (Caused by NewConnectionError('<urllib3.connection.HTTPSConnection object at 0x7f9138b26b50>: Failed to establish a new connection: [Errno -3] Temporary failure in name resolution'))
    [!] Connection error on userdatasskyroute.firebaseio.com/.json:
HTTPSConnectionPool(host='userdatasskyroute.firebaseio.com', port=443): Max retries exceeded with url: /.json (Caused by NewConnectionError('<urllib3.connection.HTTPSConnection object at 0x7f9138b2d3d0>: Failed to establish a new connection: [Errno -3] Temporary failure in name resolution'))
    5/13 complete...
    10/13 complete...
    15/13 complete...
                            
 Elapsed time: 00:00:46

[+] Checking for Google App Engine apps
    5/13 complete...
    10/13 complete...
    15/13 complete...
                            
 Elapsed time: 00:00:20

[+] Checking for project/zones with Google Cloud Functions.
[*] Testing across 1 regions defined in the config file
    [!] Connection error on us-central1-sskyroute.cloudfunctions.net:
HTTPConnectionPool(host='us-central1-sskyroute.cloudfunctions.net', port=80): Max retries exceeded with url: / (Caused by NewConnectionError('<urllib3.connection.HTTPConnection object at 0x7f9138b2d910>: Failed to establish a new connection: [Errno -3] Temporary failure in name resolution'))
    [!] Connection error on us-central1-sskyrouteuserdata.cloudfunctions.net:
HTTPConnectionPool(host='us-central1-sskyrouteuserdata.cloudfunctions.net', port=80): Max retries exceeded with url: / (Caused by NewConnectionError('<urllib3.connection.HTTPConnection object at 0x7f9138b2d430>: Failed to establish a new connection: [Errno -3] Temporary failure in name resolution'))
    [!] Connection error on us-central1-sskyroute.userdata.cloudfunctions.net:
HTTPConnectionPool(host='us-central1-sskyroute.userdata.cloudfunctions.net', port=80): Max retries exceeded with url: / (Caused by NewConnectionError('<urllib3.connection.HTTPConnection object at 0x7f9138b3d4c0>: Failed to establish a new connection: [Errno -3] Temporary failure in name resolution'))
    [!] Connection error on us-central1-sskyroute-userdata.cloudfunctions.net:
HTTPConnectionPool(host='us-central1-sskyroute-userdata.cloudfunctions.net', port=80): Max retries exceeded with url: / (Caused by NewConnectionError('<urllib3.connection.HTTPConnection object at 0x7f9138b264c0>: Failed to establish a new connection: [Errno -3] Temporary failure in name resolution'))
