
##########################
        cloud_enum
   github.com/initstring
##########################


Keywords:    sskyroute
Mutations:   /home/skyroute/cloud-1/capstone/capstone/tools/cloud_enum/enum_tools/fuzz.txt
Brute-list:  /home/skyroute/cloud-1/capstone/capstone/tools/cloud_enum/enum_tools/fuzz.txt

[+] Mutations list imported: 3 items
[+] Mutated results: 19 items

++++++++++++++++++++++++++
      amazon checks
++++++++++++++++++++++++++

[+] Checking for S3 buckets
  [1m[92mOPEN S3 BUCKET: http://sskyroute.s3.ap-northeast-2.amazonaws.com/[0m
      FILES:
      ->http://sskyroute.s3.ap-northeast-2.amazonaws.com/sskyroute
  [1m[33mProtected S3 Bucket: http://sskyroute-userdata.s3.ap-northeast-2.amazonaws.com/[0m
    5/19 complete...
  [1m[92mOPEN S3 BUCKET: http://sskyroute-private.s3.ap-northeast-2.amazonaws.com/[0m
      FILES:
      ->http://sskyroute-private.s3.ap-northeast-2.amazonaws.com/sskyroute-private
    10/19 complete...
    15/19 complete...
  [1m[92mOPEN S3 BUCKET: http://sskyroute-test.s3.ap-northeast-2.amazonaws.com/[0m
      FILES:
      ->http://sskyroute-test.s3.ap-northeast-2.amazonaws.com/sskyroute-test
    20/19 complete...
                            
 Elapsed time: 00:00:00

[+] Checking for AWS Apps
[*] Brute-forcing a list of 19 possible DNS names
    5/19 complete...
    10/19 complete...
    15/19 complete...
    20/19 complete...
                            
 Elapsed time: 00:00:00


++++++++++++++++++++++++++
       azure checks
++++++++++++++++++++++++++

[+] Checking for Azure Storage Accounts
[*] Brute-forcing a list of 7 possible DNS names
    5/7 complete...
    10/7 complete...
                            
                            
 Elapsed time: 00:00:00

[+] Checking for Azure File Accounts
[*] Brute-forcing a list of 7 possible DNS names
    5/7 complete...
    10/7 complete...
                            
                            
 Elapsed time: 00:00:00

[+] Checking for Azure Queue Accounts
[*] Brute-forcing a list of 7 possible DNS names
    5/7 complete...
    10/7 complete...
                            
                            
 Elapsed time: 00:00:00

[+] Checking for Azure Table Accounts
[*] Brute-forcing a list of 7 possible DNS names
    5/7 complete...
    [!] DNS Timeout on testsskyroute.table.core.windows.net. Investigate if there are many of these.
    [!] DNS Timeout on sskyroutetest.table.core.windows.net. Investigate if there are many of these.
    10/7 complete...
                            
                            
 Elapsed time: 00:00:05

[+] Checking for Azure App Management Accounts
[*] Brute-forcing a list of 7 possible DNS names
    [!] DNS Timeout on sskyrouteuserdata.scm.azurewebsites.net. Investigate if there are many of these.
    [!] DNS Timeout on sskyroute.scm.azurewebsites.net. Investigate if there are many of these.
    [!] DNS Timeout on privatesskyroute.scm.azurewebsites.net. Investigate if there are many of these.
    [!] DNS Timeout on userdatasskyroute.scm.azurewebsites.net. Investigate if there are many of these.
    [!] DNS Timeout on sskyrouteprivate.scm.azurewebsites.net. Investigate if there are many of these.
    5/7 complete...
    [!] DNS Timeout on sskyroutetest.scm.azurewebsites.net. Investigate if there are many of these.
    [!] DNS Timeout on testsskyroute.scm.azurewebsites.net. Investigate if there are many of these.
    10/7 complete...
                            
                            
 Elapsed time: 00:00:10

[+] Checking for Azure Key Vault Accounts
[*] Brute-forcing a list of 7 possible DNS names
    [!] DNS Timeout on sskyrouteprivate.vault.azure.net. Investigate if there are many of these.
    [!] DNS Timeout on userdatasskyroute.vault.azure.net. Investigate if there are many of these.
    [!] DNS Timeout on sskyroute.vault.azure.net. Investigate if there are many of these.
    [!] DNS Timeout on sskyrouteuserdata.vault.azure.net. Investigate if there are many of these.
    [!] DNS Timeout on privatesskyroute.vault.azure.net. Investigate if there are many of these.
    5/7 complete...
    [!] DNS Timeout on testsskyroute.vault.azure.net. Investigate if there are many of these.
    [!] DNS Timeout on sskyroutetest.vault.azure.net. Investigate if there are many of these.
    10/7 complete...
                            
                            
 Elapsed time: 00:00:10

[+] Checking for Azure Websites
[*] Brute-forcing a list of 19 possible DNS names
    [!] DNS Timeout on sskyroute-userdata.azurewebsites.net. Investigate if there are many of these.
    [!] DNS Timeout on sskyroute.userdata.azurewebsites.net. Investigate if there are many of these.
    [!] DNS Timeout on userdatasskyroute.azurewebsites.net. Investigate if there are many of these.
    [!] DNS Timeout on sskyrouteuserdata.azurewebsites.net. Investigate if there are many of these.
    [!] DNS Timeout on sskyroute.azurewebsites.net. Investigate if there are many of these.
    5/19 complete...
    [!] DNS Timeout on sskyroute-private.azurewebsites.net. Investigate if there are many of these.
    [!] DNS Timeout on sskyroute.private.azurewebsites.net. Investigate if there are many of these.
    [!] DNS Timeout on userdata.sskyroute.azurewebsites.net. Investigate if there are many of these.
    [!] DNS Timeout on userdata-sskyroute.azurewebsites.net. Investigate if there are many of these.
    [!] DNS Timeout on sskyrouteprivate.azurewebsites.net. Investigate if there are many of these.
    10/19 complete...
    [!] DNS Timeout on sskyroutetest.azurewebsites.net. Investigate if there are many of these.
    [!] DNS Timeout on private.sskyroute.azurewebsites.net. Investigate if there are many of these.
    [!] DNS Timeout on private-sskyroute.azurewebsites.net. Investigate if there are many of these.
    [!] DNS Timeout on sskyroute.test.azurewebsites.net. Investigate if there are many of these.
    [!] DNS Timeout on privatesskyroute.azurewebsites.net. Investigate if there are many of these.
    15/19 complete...
    [!] DNS Timeout on test-sskyroute.azurewebsites.net. Investigate if there are many of these.
    [!] DNS Timeout on testsskyroute.azurewebsites.net. Investigate if there are many of these.
    [!] DNS Timeout on test.sskyroute.azurewebsites.net. Investigate if there are many of these.
    [!] DNS Timeout on sskyroute-test.azurewebsites.net. Investigate if there are many of these.
    20/19 complete...
                            
 Elapsed time: 00:00:20

[+] Checking for Azure Databases
[*] Brute-forcing a list of 19 possible DNS names
    [!] DNS Timeout on sskyroute-userdata.database.windows.net. Investigate if there are many of these.
    [!] DNS Timeout on sskyrouteuserdata.database.windows.net. Investigate if there are many of these.
    [!] DNS Timeout on sskyroute.userdata.database.windows.net. Investigate if there are many of these.
    [!] DNS Timeout on sskyroute.database.windows.net. Investigate if there are many of these.
    [!] DNS Timeout on userdatasskyroute.database.windows.net. Investigate if there are many of these.
    5/19 complete...
    [!] DNS Timeout on userdata-sskyroute.database.windows.net. Investigate if there are many of these.
    [!] DNS Timeout on userdata.sskyroute.database.windows.net. Investigate if there are many of these.
    [!] DNS Timeout on sskyroute.private.database.windows.net. Investigate if there are many of these.
    [!] DNS Timeout on sskyroute-private.database.windows.net. Investigate if there are many of these.
    [!] DNS Timeout on sskyrouteprivate.database.windows.net. Investigate if there are many of these.
    10/19 complete...
    [!] DNS Timeout on privatesskyroute.database.windows.net. Investigate if there are many of these.
    [!] DNS Timeout on private.sskyroute.database.windows.net. Investigate if there are many of these.
    [!] DNS Timeout on sskyroutetest.database.windows.net. Investigate if there are many of these.
    [!] DNS Timeout on private-sskyroute.database.windows.net. Investigate if there are many of these.
    [!] DNS Timeout on sskyroute.test.database.windows.net. Investigate if there are many of these.
    15/19 complete...
    [!] DNS Timeout on testsskyroute.database.windows.net. Investigate if there are many of these.
    [!] DNS Timeout on test-sskyroute.database.windows.net. Investigate if there are many of these.
    [!] DNS Timeout on test.sskyroute.database.windows.net. Investigate if there are many of these.
    20/19 complete...
                            
 Elapsed time: 00:00:20

[+] Checking for Azure Virtual Machines
[*] Testing across 1 regions defined in the config file
[*] Brute-forcing a list of 19 possible DNS names
    5/19 complete...
    10/19 complete...
    15/19 complete...
    20/19 complete...
                            
 Elapsed time: 00:00:02


++++++++++++++++++++++++++
      google checks
++++++++++++++++++++++++++

[+] Checking for Google buckets
    5/19 complete...
    10/19 complete...
    15/19 complete...
    20/19 complete...
                            
 Elapsed time: 00:00:03

[+] Checking for Google Firebase Realtime Databases
    5/13 complete...
    10/13 complete...
    15/13 complete...
                            
 Elapsed time: 00:00:04

[+] Checking for Google App Engine apps
    5/13 complete...
    10/13 complete...
    15/13 complete...
                            
 Elapsed time: 00:00:00

[+] Checking for project/zones with Google Cloud Functions.
[*] Testing across 1 regions defined in the config file
    5/19 complete...
    10/19 complete...
    15/19 complete...
    20/19 complete...
                            
 Elapsed time: 00:00:01


[+] All done, happy hacking!

