
##########################
        cloud_enum
   github.com/initstring
##########################


Keywords:    sskyroute
Mutations:   /home/skyroute/cloud-1/capstone/capstone/tools/cloud_enum/enum_tools/fuzz.txt
Brute-list:  /home/skyroute/cloud-1/capstone/capstone/tools/cloud_enum/enum_tools/fuzz.txt

[+] Mutations list imported: 3 items
[+] Mutated results: 19 items

++++++++++++++++++++++++++
      amazon checks
++++++++++++++++++++++++++

[+] Checking for S3 buckets
    [!] Connection error on sskyroute.s3.ap-northeast-2.amazonaws.com:
HTTPConnectionPool(host='sskyroute.s3.ap-northeast-2.amazonaws.com', port=80): Max retries exceeded with url: / (Caused by NewConnectionError('<urllib3.connection.HTTPConnection object at 0x7f3b01672b20>: Failed to establish a new connection: [Errno -3] Temporary failure in name resolution'))
    [!] Connection error on sskyrouteuserdata.s3.ap-northeast-2.amazonaws.com:
HTTPConnectionPool(host='sskyrouteuserdata.s3.ap-northeast-2.amazonaws.com', port=80): Max retries exceeded with url: / (Caused by NewConnectionError('<urllib3.connection.HTTPConnection object at 0x7f3b016979a0>: Failed to establish a new connection: [Errno -3] Temporary failure in name resolution'))
    [!] Connection error on sskyroute.userdata.s3.ap-northeast-2.amazonaws.com:
HTTPConnectionPool(host='sskyroute.userdata.s3.ap-northeast-2.amazonaws.com', port=80): Max retries exceeded with url: / (Caused by NewConnectionError('<urllib3.connection.HTTPConnection object at 0x7f3b00e3a3d0>: Failed to establish a new connection: [Errno -3] Temporary failure in name resolution'))
    [!] Connection error on sskyroute-userdata.s3.ap-northeast-2.amazonaws.com:
HTTPConnectionPool(host='sskyroute-userdata.s3.ap-northeast-2.amazonaws.com', port=80): Max retries exceeded with url: / (Caused by NewConnectionError('<urllib3.connection.HTTPConnection object at 0x7f3b00e3adc0>: Failed to establish a new connection: [Errno -3] Temporary failure in name resolution'))
    [!] Connection error on userdatasskyroute.s3.ap-northeast-2.amazonaws.com:
HTTPConnectionPool(host='userdatasskyroute.s3.ap-northeast-2.amazonaws.com', port=80): Max retries exceeded with url: / (Caused by NewConnectionError('<urllib3.connection.HTTPConnection object at 0x7f3b00e467f0>: Failed to establish a new connection: [Errno -3] Temporary failure in name resolution'))
    5/19 complete...
  [1m[92mOPEN S3 BUCKET: http://sskyroute-private.s3.ap-northeast-2.amazonaws.com/[0m
      FILES:
      ->http://sskyroute-private.s3.ap-northeast-2.amazonaws.com/sskyroute-private
    10/19 complete...
    15/19 complete...
  [1m[92mOPEN S3 BUCKET: http://sskyroute-test.s3.ap-northeast-2.amazonaws.com/[0m
      FILES:
      ->http://sskyroute-test.s3.ap-northeast-2.amazonaws.com/sskyroute-test
    20/19 complete...
                            
 Elapsed time: 00:00:25

[+] Checking for AWS Apps
[*] Brute-forcing a list of 19 possible DNS names
    5/19 complete...
    10/19 complete...
    15/19 complete...
    20/19 complete...
                            
 Elapsed time: 00:00:00


++++++++++++++++++++++++++
       azure checks
++++++++++++++++++++++++++

[+] Checking for Azure Storage Accounts
[*] Brute-forcing a list of 7 possible DNS names
    5/7 complete...
    10/7 complete...
                            
                            
 Elapsed time: 00:00:00

[+] Checking for Azure File Accounts
[*] Brute-forcing a list of 7 possible DNS names
    5/7 complete...
    10/7 complete...
                            
                            
 Elapsed time: 00:00:00

[+] Checking for Azure Queue Accounts
[*] Brute-forcing a list of 7 possible DNS names
    5/7 complete...
    10/7 complete...
                            
                            
 Elapsed time: 00:00:00

[+] Checking for Azure Table Accounts
[*] Brute-forcing a list of 7 possible DNS names
    5/7 complete...
    10/7 complete...
                            
                            
 Elapsed time: 00:00:00

[+] Checking for Azure App Management Accounts
[*] Brute-forcing a list of 7 possible DNS names
    5/7 complete...
    10/7 complete...
                            
                            
 Elapsed time: 00:00:00

[+] Checking for Azure Key Vault Accounts
[*] Brute-forcing a list of 7 possible DNS names
    5/7 complete...
    10/7 complete...
                            
                            
 Elapsed time: 00:00:00

[+] Checking for Azure Websites
[*] Brute-forcing a list of 19 possible DNS names
    5/19 complete...
    10/19 complete...
    15/19 complete...
    20/19 complete...
                            
 Elapsed time: 00:00:00

[+] Checking for Azure Databases
[*] Brute-forcing a list of 19 possible DNS names
    [!] DNS Timeout on userdatasskyroute.database.windows.net. Investigate if there are many of these.
    [!] DNS Timeout on sskyroute-userdata.database.windows.net. Investigate if there are many of these.
    [!] DNS Timeout on sskyroute.userdata.database.windows.net. Investigate if there are many of these.
    5/19 complete...
    [!] DNS Timeout on sskyroute-private.database.windows.net. Investigate if there are many of these.
    [!] DNS Timeout on sskyroute.private.database.windows.net. Investigate if there are many of these.
    [!] DNS Timeout on sskyrouteprivate.database.windows.net. Investigate if there are many of these.
    [!] DNS Timeout on userdata-sskyroute.database.windows.net. Investigate if there are many of these.
    [!] DNS Timeout on userdata.sskyroute.database.windows.net. Investigate if there are many of these.
    10/19 complete...
    15/19 complete...
    20/19 complete...
                            
 Elapsed time: 00:00:10

[+] Checking for Azure Virtual Machines
[*] Testing across 1 regions defined in the config file
[*] Brute-forcing a list of 19 possible DNS names
    [!] DNS Timeout on userdatasskyroute.eastus.cloudapp.azure.com. Investigate if there are many of these.
    [!] DNS Timeout on sskyroute.userdata.eastus.cloudapp.azure.com. Investigate if there are many of these.
    [!] DNS Timeout on sskyroute.eastus.cloudapp.azure.com. Investigate if there are many of these.
    5/19 complete...
    [!] DNS Timeout on sskyroute.private.eastus.cloudapp.azure.com. Investigate if there are many of these.
    10/19 complete...
    [!] DNS Timeout on privatesskyroute.eastus.cloudapp.azure.com. Investigate if there are many of these.
    [!] DNS Timeout on private-sskyroute.eastus.cloudapp.azure.com. Investigate if there are many of these.
    [!] DNS Timeout on sskyroutetest.eastus.cloudapp.azure.com. Investigate if there are many of these.
    [!] DNS Timeout on sskyroute.test.eastus.cloudapp.azure.com. Investigate if there are many of these.
    [!] DNS Timeout on private.sskyroute.eastus.cloudapp.azure.com. Investigate if there are many of these.
    15/19 complete...
    20/19 complete...
                            
 Elapsed time: 00:00:15


++++++++++++++++++++++++++
      google checks
++++++++++++++++++++++++++

[+] Checking for Google buckets
    5/19 complete...
    10/19 complete...
    15/19 complete...
    20/19 complete...
                            
 Elapsed time: 00:00:04

[+] Checking for Google Firebase Realtime Databases
    [!] Connection error on sskyroute.firebaseio.com/.json:
HTTPSConnectionPool(host='sskyroute.firebaseio.com', port=443): Max retries exceeded with url: /.json (Caused by NewConnectionError('<urllib3.connection.HTTPSConnection object at 0x7f3b00e46700>: Failed to establish a new connection: [Errno -3] Temporary failure in name resolution'))
    [!] Connection error on sskyrouteuserdata.firebaseio.com/.json:
HTTPSConnectionPool(host='sskyrouteuserdata.firebaseio.com', port=443): Max retries exceeded with url: /.json (Caused by NewConnectionError('<urllib3.connection.HTTPSConnection object at 0x7f3b01634400>: Failed to establish a new connection: [Errno -3] Temporary failure in name resolution'))
