
##########################
        cloud_enum
   github.com/initstring
##########################


Keywords:    skyroute
Mutations:   /home/skyroute/cloud-1/capstone/capstone/tools/cloud_enum/enum_tools/fuzz.txt
Brute-list:  /home/skyroute/cloud-1/capstone/capstone/tools/cloud_enum/enum_tools/fuzz.txt

[+] Mutations list imported: 3 items
[+] Mutated results: 19 items

++++++++++++++++++++++++++
      amazon checks
++++++++++++++++++++++++++

[+] Checking for S3 buckets
    [!] Connection error on skyroute-userdata.s3.ap-northeast-2.amazonaws.com:
HTTPConnectionPool(host='skyroute-userdata.s3.ap-northeast-2.amazonaws.com', port=80): Max retries exceeded with url: / (Caused by NewConnectionError('<urllib3.connection.HTTPConnection object at 0x7f79eb551d90>: Failed to establish a new connection: [Errno -3] Temporary failure in name resolution'))
    Unknown status codes being received from http://skyroute.s3.ap-northeast-2.amazonaws.com/:
       {reply.status_code}: {reply.reason}
    5/19 complete...
  [1m[92mOPEN S3 BUCKET: http://skyroute-private.s3.ap-northeast-2.amazonaws.com/[0m
      FILES:
      ->http://skyroute-private.s3.ap-northeast-2.amazonaws.com/skyroute-private
      ->http://skyroute-private.s3.ap-northeast-2.amazonaws.com/강강강쥐.jpeg
    10/19 complete...
    15/19 complete...
  [1m[92mOPEN S3 BUCKET: http://skyroute-test.s3.ap-northeast-2.amazonaws.com/[0m
      FILES:
      ->http://skyroute-test.s3.ap-northeast-2.amazonaws.com/skyroute-test
      ->http://skyroute-test.s3.ap-northeast-2.amazonaws.com/앵무새.jpeg
    20/19 complete...
                            
 Elapsed time: 00:00:50

[+] Checking for AWS Apps
[*] Brute-forcing a list of 19 possible DNS names
    5/19 complete...
    [!] DNS Timeout on userdata.skyroute.awsapps.com. Investigate if there are many of these.
    [!] DNS Timeout on skyroute.private.awsapps.com. Investigate if there are many of these.
    [!] DNS Timeout on skyroute-private.awsapps.com. Investigate if there are many of these.
    [!] DNS Timeout on skyrouteprivate.awsapps.com. Investigate if there are many of these.
    10/19 complete...
    15/19 complete...
    [!] DNS Timeout on test.skyroute.awsapps.com. Investigate if there are many of these.
    [!] DNS Timeout on skyroute-test.awsapps.com. Investigate if there are many of these.
    20/19 complete...
                            
 Elapsed time: 00:00:10


++++++++++++++++++++++++++
       azure checks
++++++++++++++++++++++++++

[+] Checking for Azure Storage Accounts
[*] Brute-forcing a list of 7 possible DNS names
    [!] DNS Timeout on skyrouteuserdata.blob.core.windows.net. Investigate if there are many of these.
    5/7 complete...
    [!] DNS Timeout on testskyroute.blob.core.windows.net. Investigate if there are many of these.
    [!] DNS Timeout on skyroutetest.blob.core.windows.net. Investigate if there are many of these.
    10/7 complete...
                            
                            
 Elapsed time: 00:00:10

[+] Checking for Azure File Accounts
[*] Brute-forcing a list of 7 possible DNS names
    [!] DNS Timeout on skyrouteuserdata.file.core.windows.net. Investigate if there are many of these.
    5/7 complete...
    [!] DNS Timeout on testskyroute.file.core.windows.net. Investigate if there are many of these.
    [!] DNS Timeout on skyroutetest.file.core.windows.net. Investigate if there are many of these.
    10/7 complete...
                            
                            
 Elapsed time: 00:00:10

[+] Checking for Azure Queue Accounts
[*] Brute-forcing a list of 7 possible DNS names
    [!] DNS Timeout on skyroute.queue.core.windows.net. Investigate if there are many of these.
    [!] DNS Timeout on privateskyroute.queue.core.windows.net. Investigate if there are many of these.
    [!] DNS Timeout on userdataskyroute.queue.core.windows.net. Investigate if there are many of these.
    [!] DNS Timeout on skyrouteprivate.queue.core.windows.net. Investigate if there are many of these.
    [!] DNS Timeout on skyrouteuserdata.queue.core.windows.net. Investigate if there are many of these.
    5/7 complete...
    [!] DNS Timeout on testskyroute.queue.core.windows.net. Investigate if there are many of these.
    [!] DNS Timeout on skyroutetest.queue.core.windows.net. Investigate if there are many of these.
    10/7 complete...
                            
                            
 Elapsed time: 00:00:10

[+] Checking for Azure Table Accounts
[*] Brute-forcing a list of 7 possible DNS names
    5/7 complete...
    [!] DNS Timeout on testskyroute.table.core.windows.net. Investigate if there are many of these.
    [!] DNS Timeout on skyroutetest.table.core.windows.net. Investigate if there are many of these.
    10/7 complete...
                            
                            
 Elapsed time: 00:00:05

[+] Checking for Azure App Management Accounts
[*] Brute-forcing a list of 7 possible DNS names
    [!] DNS Timeout on skyrouteprivate.scm.azurewebsites.net. Investigate if there are many of these.
    [!] DNS Timeout on skyroute.scm.azurewebsites.net. Investigate if there are many of these.
    [!] DNS Timeout on skyrouteuserdata.scm.azurewebsites.net. Investigate if there are many of these.
    [!] DNS Timeout on userdataskyroute.scm.azurewebsites.net. Investigate if there are many of these.
    [!] DNS Timeout on privateskyroute.scm.azurewebsites.net. Investigate if there are many of these.
    5/7 complete...
    [!] DNS Timeout on testskyroute.scm.azurewebsites.net. Investigate if there are many of these.
    [!] DNS Timeout on skyroutetest.scm.azurewebsites.net. Investigate if there are many of these.
    10/7 complete...
                            
                            
 Elapsed time: 00:00:10

[+] Checking for Azure Key Vault Accounts
[*] Brute-forcing a list of 7 possible DNS names
    [!] DNS Timeout on privateskyroute.vault.azure.net. Investigate if there are many of these.
    [!] DNS Timeout on skyrouteuserdata.vault.azure.net. Investigate if there are many of these.
    [!] DNS Timeout on skyrouteprivate.vault.azure.net. Investigate if there are many of these.
    [!] DNS Timeout on userdataskyroute.vault.azure.net. Investigate if there are many of these.
    5/7 complete...
    10/7 complete...
                            
                            
 Elapsed time: 00:00:05

[+] Checking for Azure Websites
[*] Brute-forcing a list of 19 possible DNS names
    [!] DNS Timeout on skyroute-userdata.azurewebsites.net. Investigate if there are many of these.
    [!] DNS Timeout on skyroute.userdata.azurewebsites.net. Investigate if there are many of these.
    [!] DNS Timeout on userdataskyroute.azurewebsites.net. Investigate if there are many of these.
    [!] DNS Timeout on skyrouteuserdata.azurewebsites.net. Investigate if there are many of these.
    [!] DNS Timeout on skyroute.azurewebsites.net. Investigate if there are many of these.
    5/19 complete...
    10/19 complete...
    [!] DNS Timeout on skyroute.test.azurewebsites.net. Investigate if there are many of these.
    [!] DNS Timeout on private-skyroute.azurewebsites.net. Investigate if there are many of these.
    [!] DNS Timeout on private.skyroute.azurewebsites.net. Investigate if there are many of these.
    [!] DNS Timeout on privateskyroute.azurewebsites.net. Investigate if there are many of these.
    [!] DNS Timeout on skyroutetest.azurewebsites.net. Investigate if there are many of these.
    15/19 complete...
    [!] DNS Timeout on test.skyroute.azurewebsites.net. Investigate if there are many of these.
    20/19 complete...
                            
 Elapsed time: 00:00:15

[+] Checking for Azure Databases
[*] Brute-forcing a list of 19 possible DNS names
    [!] DNS Timeout on skyroute.database.windows.net. Investigate if there are many of these.
    [!] DNS Timeout on skyrouteuserdata.database.windows.net. Investigate if there are many of these.
    [!] DNS Timeout on skyroute.userdata.database.windows.net. Investigate if there are many of these.
    [!] DNS Timeout on skyroute-userdata.database.windows.net. Investigate if there are many of these.
    [!] DNS Timeout on userdataskyroute.database.windows.net. Investigate if there are many of these.
    5/19 complete...
    [!] DNS Timeout on userdata.skyroute.database.windows.net. Investigate if there are many of these.
    [!] DNS Timeout on userdata-skyroute.database.windows.net. Investigate if there are many of these.
    [!] DNS Timeout on skyroute.private.database.windows.net. Investigate if there are many of these.
    [!] DNS Timeout on skyroute-private.database.windows.net. Investigate if there are many of these.
    [!] DNS Timeout on skyrouteprivate.database.windows.net. Investigate if there are many of these.
    10/19 complete...
    [!] DNS Timeout on skyroute.test.database.windows.net. Investigate if there are many of these.
    15/19 complete...
    [!] DNS Timeout on test-skyroute.database.windows.net. Investigate if there are many of these.
    [!] DNS Timeout on test.skyroute.database.windows.net. Investigate if there are many of these.
    20/19 complete...
                            
 Elapsed time: 00:00:20

[+] Checking for Azure Virtual Machines
[*] Testing across 1 regions defined in the config file
[*] Brute-forcing a list of 19 possible DNS names
    [!] DNS Timeout on skyroute-userdata.eastus.cloudapp.azure.com. Investigate if there are many of these.
    [!] DNS Timeout on skyrouteuserdata.eastus.cloudapp.azure.com. Investigate if there are many of these.
    [!] DNS Timeout on skyroute.userdata.eastus.cloudapp.azure.com. Investigate if there are many of these.
    [!] DNS Timeout on userdataskyroute.eastus.cloudapp.azure.com. Investigate if there are many of these.
    [!] DNS Timeout on skyroute.eastus.cloudapp.azure.com. Investigate if there are many of these.
    5/19 complete...
    10/19 complete...
    [!] DNS Timeout on private.skyroute.eastus.cloudapp.azure.com. Investigate if there are many of these.
    [!] DNS Timeout on skyroute.test.eastus.cloudapp.azure.com. Investigate if there are many of these.
    [!] DNS Timeout on privateskyroute.eastus.cloudapp.azure.com. Investigate if there are many of these.
    15/19 complete...
    [!] DNS Timeout on skyroute-test.eastus.cloudapp.azure.com. Investigate if there are many of these.
    [!] DNS Timeout on testskyroute.eastus.cloudapp.azure.com. Investigate if there are many of these.
    [!] DNS Timeout on test-skyroute.eastus.cloudapp.azure.com. Investigate if there are many of these.
    20/19 complete...
                            
 Elapsed time: 00:00:15


++++++++++++++++++++++++++
      google checks
++++++++++++++++++++++++++

[+] Checking for Google buckets
    5/19 complete...
    10/19 complete...
    15/19 complete...
    20/19 complete...
                            
 Elapsed time: 00:00:48

[+] Checking for Google Firebase Realtime Databases
    5/13 complete...
    10/13 complete...
    15/13 complete...
                            
 Elapsed time: 00:00:11

[+] Checking for Google App Engine apps
    5/13 complete...
    [!] Connection error on skyroute-private.appspot.com:
HTTPConnectionPool(host='skyroute-private.appspot.com', port=80): Max retries exceeded with url: / (Caused by NewConnectionError('<urllib3.connection.HTTPConnection object at 0x7f79e9cd1d00>: Failed to establish a new connection: [Errno -3] Temporary failure in name resolution'))
    10/13 complete...
    15/13 complete...
                            
 Elapsed time: 00:00:31

[+] Checking for project/zones with Google Cloud Functions.
[*] Testing across 1 regions defined in the config file
