
##########################
        cloud_enum
   github.com/initstring
##########################


Keywords:    skyroute
Mutations:   /home/skyroute/cloud-1/capstone/capstone/tools/cloud_enum/enum_tools/fuzz.txt
Brute-list:  /home/skyroute/cloud-1/capstone/capstone/tools/cloud_enum/enum_tools/fuzz.txt

[+] Mutations list imported: 3 items
[+] Mutated results: 19 items

++++++++++++++++++++++++++
      amazon checks
++++++++++++++++++++++++++

[+] Checking for S3 buckets
    Unknown status codes being received from http://skyroute.s3.ap-northeast-2.amazonaws.com/:
       {reply.status_code}: {reply.reason}
  [1m[33mProtected S3 Bucket: http://skyroute-userdata.s3.ap-northeast-2.amazonaws.com/[0m
    5/19 complete...
  [1m[92mOPEN S3 BUCKET: http://skyroute-private.s3.ap-northeast-2.amazonaws.com/[0m
      FILES:
      ->http://skyroute-private.s3.ap-northeast-2.amazonaws.com/skyroute-private
      ->http://skyroute-private.s3.ap-northeast-2.amazonaws.com/강강강쥐.jpeg
    10/19 complete...
    15/19 complete...
  [1m[92mOPEN S3 BUCKET: http://skyroute-test.s3.ap-northeast-2.amazonaws.com/[0m
      FILES:
      ->http://skyroute-test.s3.ap-northeast-2.amazonaws.com/skyroute-test
      ->http://skyroute-test.s3.ap-northeast-2.amazonaws.com/앵무새.jpeg
    20/19 complete...
                            
 Elapsed time: 00:00:00

[+] Checking for AWS Apps
[*] Brute-forcing a list of 19 possible DNS names
    5/19 complete...
    10/19 complete...
    15/19 complete...
    20/19 complete...
                            
 Elapsed time: 00:00:00


++++++++++++++++++++++++++
       azure checks
++++++++++++++++++++++++++

[+] Checking for Azure Storage Accounts
[*] Brute-forcing a list of 7 possible DNS names
    5/7 complete...
    10/7 complete...
                            
                            
 Elapsed time: 00:00:00

[+] Checking for Azure File Accounts
[*] Brute-forcing a list of 7 possible DNS names
    5/7 complete...
    10/7 complete...
                            
                            
 Elapsed time: 00:00:00

[+] Checking for Azure Queue Accounts
[*] Brute-forcing a list of 7 possible DNS names
    5/7 complete...
    10/7 complete...
                            
                            
 Elapsed time: 00:00:00

[+] Checking for Azure Table Accounts
[*] Brute-forcing a list of 7 possible DNS names
    5/7 complete...
    10/7 complete...
                            
                            
 Elapsed time: 00:00:00

[+] Checking for Azure App Management Accounts
[*] Brute-forcing a list of 7 possible DNS names
    5/7 complete...
    10/7 complete...
                            
                            
 Elapsed time: 00:00:00

[+] Checking for Azure Key Vault Accounts
[*] Brute-forcing a list of 7 possible DNS names
    5/7 complete...
    10/7 complete...
                            
                            
 Elapsed time: 00:00:00

[+] Checking for Azure Websites
[*] Brute-forcing a list of 19 possible DNS names
    5/19 complete...
    10/19 complete...
    15/19 complete...
    20/19 complete...
                            
 Elapsed time: 00:00:00

[+] Checking for Azure Databases
[*] Brute-forcing a list of 19 possible DNS names
    5/19 complete...
    10/19 complete...
    15/19 complete...
    20/19 complete...
                            
 Elapsed time: 00:00:00

[+] Checking for Azure Virtual Machines
[*] Testing across 1 regions defined in the config file
[*] Brute-forcing a list of 19 possible DNS names
    5/19 complete...
    10/19 complete...
    15/19 complete...
    20/19 complete...
                            
 Elapsed time: 00:00:00


++++++++++++++++++++++++++
      google checks
++++++++++++++++++++++++++

[+] Checking for Google buckets
    5/19 complete...
    10/19 complete...
    15/19 complete...
    20/19 complete...
                            
 Elapsed time: 00:00:03

[+] Checking for Google Firebase Realtime Databases
