
##########################
        cloud_enum
   github.com/initstring
##########################


Keywords:    sskyroute
Mutations:   /home/skyroute/cloud-1/capstone/capstone/tools/cloud_enum/enum_tools/fuzz.txt
Brute-list:  /home/skyroute/cloud-1/capstone/capstone/tools/cloud_enum/enum_tools/fuzz.txt

[+] Mutations list imported: 3 items
[+] Mutated results: 19 items

++++++++++++++++++++++++++
      amazon checks
++++++++++++++++++++++++++

[+] Checking for S3 buckets
    [!] Timeout on sskyroute.s3.ap-northeast-2.amazonaws.com. Investigate if there are many of these
    [!] Connection error on sskyroute-userdata.s3.ap-northeast-2.amazonaws.com:
HTTPConnectionPool(host='sskyroute-userdata.s3.ap-northeast-2.amazonaws.com', port=80): Max retries exceeded with url: / (Caused by NewConnectionError('<urllib3.connection.HTTPConnection object at 0x7f74d693a9a0>: Failed to establish a new connection: [Errno -3] Temporary failure in name resolution'))
    [!] Connection error on userdatasskyroute.s3.ap-northeast-2.amazonaws.com:
HTTPConnectionPool(host='userdatasskyroute.s3.ap-northeast-2.amazonaws.com', port=80): Max retries exceeded with url: / (Caused by NewConnectionError('<urllib3.connection.HTTPConnection object at 0x7f74d69457f0>: Failed to establish a new connection: [Errno -3] Temporary failure in name resolution'))
    5/19 complete...
  [1m[92mOPEN S3 BUCKET: http://sskyroute-private.s3.ap-northeast-2.amazonaws.com/[0m
      FILES:
      ->http://sskyroute-private.s3.ap-northeast-2.amazonaws.com/sskyroute-private
    10/19 complete...
    15/19 complete...
  [1m[92mOPEN S3 BUCKET: http://sskyroute-test.s3.ap-northeast-2.amazonaws.com/[0m
      FILES:
      ->http://sskyroute-test.s3.ap-northeast-2.amazonaws.com/sskyroute-test
    20/19 complete...
                            
 Elapsed time: 00:00:45

[+] Checking for AWS Apps
[*] Brute-forcing a list of 19 possible DNS names
    [!] DNS Timeout on userdatasskyroute.awsapps.com. Investigate if there are many of these.
    [!] DNS Timeout on sskyroute-userdata.awsapps.com. Investigate if there are many of these.
