
##########################
        cloud_enum
   github.com/initstring
##########################


Keywords:    sskyroute
Mutations:   /home/skyroute/cloud-1/capstone/capstone/tools/cloud_enum/enum_tools/fuzz.txt
Brute-list:  /home/skyroute/cloud-1/capstone/capstone/tools/cloud_enum/enum_tools/fuzz.txt

[+] Mutations list imported: 3 items
[+] Mutated results: 19 items

++++++++++++++++++++++++++
      amazon checks
++++++++++++++++++++++++++

[+] Checking for S3 buckets
    [!] Connection error on sskyroute.s3.ap-northeast-2.amazonaws.com:
HTTPConnectionPool(host='sskyroute.s3.ap-northeast-2.amazonaws.com', port=80): Max retries exceeded with url: / (Caused by NewConnectionError('<urllib3.connection.HTTPConnection object at 0x7fac55199df0>: Failed to establish a new connection: [Errno -3] Temporary failure in name resolution'))
    [!] Connection error on sskyrouteuserdata.s3.ap-northeast-2.amazonaws.com:
HTTPConnectionPool(host='sskyrouteuserdata.s3.ap-northeast-2.amazonaws.com', port=80): Max retries exceeded with url: / (Caused by NewConnectionError('<urllib3.connection.HTTPConnection object at 0x7fac55199f40>: Failed to establish a new connection: [Errno -3] Temporary failure in name resolution'))
    [!] Connection error on sskyroute.userdata.s3.ap-northeast-2.amazonaws.com:
HTTPConnectionPool(host='sskyroute.userdata.s3.ap-northeast-2.amazonaws.com', port=80): Max retries exceeded with url: / (Caused by NewConnectionError('<urllib3.connection.HTTPConnection object at 0x7fac541632b0>: Failed to establish a new connection: [Errno -3] Temporary failure in name resolution'))
    [!] Connection error on sskyroute-userdata.s3.ap-northeast-2.amazonaws.com:
HTTPConnectionPool(host='sskyroute-userdata.s3.ap-northeast-2.amazonaws.com', port=80): Max retries exceeded with url: / (Caused by NewConnectionError('<urllib3.connection.HTTPConnection object at 0x7fac5416c070>: Failed to establish a new connection: [Errno -3] Temporary failure in name resolution'))
    [!] Connection error on userdatasskyroute.s3.ap-northeast-2.amazonaws.com:
HTTPConnectionPool(host='userdatasskyroute.s3.ap-northeast-2.amazonaws.com', port=80): Max retries exceeded with url: / (Caused by NewConnectionError('<urllib3.connection.HTTPConnection object at 0x7fac5416c640>: Failed to establish a new connection: [Errno -3] Temporary failure in name resolution'))
    5/19 complete...
    [!] Connection error on userdata.sskyroute.s3.ap-northeast-2.amazonaws.com:
HTTPConnectionPool(host='userdata.sskyroute.s3.ap-northeast-2.amazonaws.com', port=80): Max retries exceeded with url: / (Caused by NewConnectionError('<urllib3.connection.HTTPConnection object at 0x7fac54163c10>: Failed to establish a new connection: [Errno -3] Temporary failure in name resolution'))
    [!] Connection error on userdata-sskyroute.s3.ap-northeast-2.amazonaws.com:
HTTPConnectionPool(host='userdata-sskyroute.s3.ap-northeast-2.amazonaws.com', port=80): Max retries exceeded with url: / (Caused by NewConnectionError('<urllib3.connection.HTTPConnection object at 0x7fac55199c10>: Failed to establish a new connection: [Errno -3] Temporary failure in name resolution'))
    [!] Connection error on sskyrouteprivate.s3.ap-northeast-2.amazonaws.com:
HTTPConnectionPool(host='sskyrouteprivate.s3.ap-northeast-2.amazonaws.com', port=80): Max retries exceeded with url: / (Caused by NewConnectionError('<urllib3.connection.HTTPConnection object at 0x7fac54163370>: Failed to establish a new connection: [Errno -3] Temporary failure in name resolution'))
    [!] Connection error on sskyroute.private.s3.ap-northeast-2.amazonaws.com:
HTTPConnectionPool(host='sskyroute.private.s3.ap-northeast-2.amazonaws.com', port=80): Max retries exceeded with url: / (Caused by NewConnectionError('<urllib3.connection.HTTPConnection object at 0x7fac551b1730>: Failed to establish a new connection: [Errno -3] Temporary failure in name resolution'))
    [!] Connection error on sskyroute-private.s3.ap-northeast-2.amazonaws.com:
HTTPConnectionPool(host='sskyroute-private.s3.ap-northeast-2.amazonaws.com', port=80): Max retries exceeded with url: / (Caused by NewConnectionError('<urllib3.connection.HTTPConnection object at 0x7fac551b1b80>: Failed to establish a new connection: [Errno -3] Temporary failure in name resolution'))
    10/19 complete...
    [!] Connection error on privatesskyroute.s3.ap-northeast-2.amazonaws.com:
HTTPConnectionPool(host='privatesskyroute.s3.ap-northeast-2.amazonaws.com', port=80): Max retries exceeded with url: / (Caused by NewConnectionError('<urllib3.connection.HTTPConnection object at 0x7fac551b1a30>: Failed to establish a new connection: [Errno -3] Temporary failure in name resolution'))
    [!] Connection error on private.sskyroute.s3.ap-northeast-2.amazonaws.com:
HTTPConnectionPool(host='private.sskyroute.s3.ap-northeast-2.amazonaws.com', port=80): Max retries exceeded with url: / (Caused by NewConnectionError('<urllib3.connection.HTTPConnection object at 0x7fac55199cd0>: Failed to establish a new connection: [Errno -3] Temporary failure in name resolution'))
    [!] Connection error on private-sskyroute.s3.ap-northeast-2.amazonaws.com:
HTTPConnectionPool(host='private-sskyroute.s3.ap-northeast-2.amazonaws.com', port=80): Max retries exceeded with url: / (Caused by NewConnectionError('<urllib3.connection.HTTPConnection object at 0x7fac541636a0>: Failed to establish a new connection: [Errno -3] Temporary failure in name resolution'))
    [!] Connection error on sskyroutetest.s3.ap-northeast-2.amazonaws.com:
HTTPConnectionPool(host='sskyroutetest.s3.ap-northeast-2.amazonaws.com', port=80): Max retries exceeded with url: / (Caused by NewConnectionError('<urllib3.connection.HTTPConnection object at 0x7fac551bd220>: Failed to establish a new connection: [Errno -3] Temporary failure in name resolution'))
    [!] Connection error on sskyroute.test.s3.ap-northeast-2.amazonaws.com:
HTTPConnectionPool(host='sskyroute.test.s3.ap-northeast-2.amazonaws.com', port=80): Max retries exceeded with url: / (Caused by NewConnectionError('<urllib3.connection.HTTPConnection object at 0x7fac5416cb80>: Failed to establish a new connection: [Errno -3] Temporary failure in name resolution'))
    15/19 complete...
    [!] Connection error on sskyroute-test.s3.ap-northeast-2.amazonaws.com:
HTTPConnectionPool(host='sskyroute-test.s3.ap-northeast-2.amazonaws.com', port=80): Max retries exceeded with url: / (Caused by NewConnectionError('<urllib3.connection.HTTPConnection object at 0x7fac551bde80>: Failed to establish a new connection: [Errno -3] Temporary failure in name resolution'))
    [!] Connection error on testsskyroute.s3.ap-northeast-2.amazonaws.com:
HTTPConnectionPool(host='testsskyroute.s3.ap-northeast-2.amazonaws.com', port=80): Max retries exceeded with url: / (Caused by NewConnectionError('<urllib3.connection.HTTPConnection object at 0x7fac54163cd0>: Failed to establish a new connection: [Errno -2] Name or service not known'))
    20/19 complete...
                            
 Elapsed time: 00:00:14

[+] Checking for AWS Apps
[*] Brute-forcing a list of 19 possible DNS names
    5/19 complete...
    10/19 complete...
    15/19 complete...
    20/19 complete...
                            
 Elapsed time: 00:00:00


++++++++++++++++++++++++++
       azure checks
++++++++++++++++++++++++++

[+] Checking for Azure Storage Accounts
[*] Brute-forcing a list of 7 possible DNS names
    5/7 complete...
    10/7 complete...
                            
                            
 Elapsed time: 00:00:00

[+] Checking for Azure File Accounts
[*] Brute-forcing a list of 7 possible DNS names
    5/7 complete...
    10/7 complete...
                            
                            
 Elapsed time: 00:00:00

[+] Checking for Azure Queue Accounts
[*] Brute-forcing a list of 7 possible DNS names
    [!] DNS Timeout on userdatasskyroute.queue.core.windows.net. Investigate if there are many of these.
    [!] DNS Timeout on sskyroute.queue.core.windows.net. Investigate if there are many of these.
    [!] DNS Timeout on sskyrouteuserdata.queue.core.windows.net. Investigate if there are many of these.
    5/7 complete...
    10/7 complete...
                            
                            
 Elapsed time: 00:00:05

[+] Checking for Azure Table Accounts
[*] Brute-forcing a list of 7 possible DNS names
    [!] DNS Timeout on userdatasskyroute.table.core.windows.net. Investigate if there are many of these.
    5/7 complete...
    10/7 complete...
                            
                            
 Elapsed time: 00:00:05

[+] Checking for Azure App Management Accounts
[*] Brute-forcing a list of 7 possible DNS names
    [!] DNS Timeout on sskyrouteprivate.scm.azurewebsites.net. Investigate if there are many of these.
    [!] DNS Timeout on privatesskyroute.scm.azurewebsites.net. Investigate if there are many of these.
    5/7 complete...
    10/7 complete...
                            
                            
 Elapsed time: 00:00:05

[+] Checking for Azure Key Vault Accounts
[*] Brute-forcing a list of 7 possible DNS names
    5/7 complete...
    10/7 complete...
                            
                            
 Elapsed time: 00:00:00

[+] Checking for Azure Websites
[*] Brute-forcing a list of 19 possible DNS names
    [!] DNS Timeout on userdatasskyroute.azurewebsites.net. Investigate if there are many of these.
    [!] DNS Timeout on sskyroute-userdata.azurewebsites.net. Investigate if there are many of these.
    5/19 complete...
    10/19 complete...
    [!] DNS Timeout on private-sskyroute.azurewebsites.net. Investigate if there are many of these.
    [!] DNS Timeout on private.sskyroute.azurewebsites.net. Investigate if there are many of these.
    [!] DNS Timeout on privatesskyroute.azurewebsites.net. Investigate if there are many of these.
    [!] DNS Timeout on sskyroute.test.azurewebsites.net. Investigate if there are many of these.
    [!] DNS Timeout on sskyroutetest.azurewebsites.net. Investigate if there are many of these.
    15/19 complete...
    [!] DNS Timeout on testsskyroute.azurewebsites.net. Investigate if there are many of these.
    [!] DNS Timeout on test-sskyroute.azurewebsites.net. Investigate if there are many of these.
    20/19 complete...
                            
 Elapsed time: 00:00:15

[+] Checking for Azure Databases
[*] Brute-forcing a list of 19 possible DNS names
    [!] DNS Timeout on sskyroute.userdata.database.windows.net. Investigate if there are many of these.
    [!] DNS Timeout on sskyrouteuserdata.database.windows.net. Investigate if there are many of these.
    [!] DNS Timeout on sskyroute-userdata.database.windows.net. Investigate if there are many of these.
    [!] DNS Timeout on sskyroute.database.windows.net. Investigate if there are many of these.
    [!] DNS Timeout on userdatasskyroute.database.windows.net. Investigate if there are many of these.
    5/19 complete...
    [!] DNS Timeout on userdata-sskyroute.database.windows.net. Investigate if there are many of these.
    [!] DNS Timeout on sskyrouteprivate.database.windows.net. Investigate if there are many of these.
    [!] DNS Timeout on userdata.sskyroute.database.windows.net. Investigate if there are many of these.
    [!] DNS Timeout on sskyroute.private.database.windows.net. Investigate if there are many of these.
    [!] DNS Timeout on sskyroute-private.database.windows.net. Investigate if there are many of these.
    10/19 complete...
    [!] DNS Timeout on private.sskyroute.database.windows.net. Investigate if there are many of these.
    [!] DNS Timeout on private-sskyroute.database.windows.net. Investigate if there are many of these.
    [!] DNS Timeout on sskyroute.test.database.windows.net. Investigate if there are many of these.
    [!] DNS Timeout on sskyroutetest.database.windows.net. Investigate if there are many of these.
    [!] DNS Timeout on privatesskyroute.database.windows.net. Investigate if there are many of these.
    15/19 complete...
    [!] DNS Timeout on testsskyroute.database.windows.net. Investigate if there are many of these.
    [!] DNS Timeout on test.sskyroute.database.windows.net. Investigate if there are many of these.
    [!] DNS Timeout on test-sskyroute.database.windows.net. Investigate if there are many of these.
    [!] DNS Timeout on sskyroute-test.database.windows.net. Investigate if there are many of these.
