2025-05-15 01:45:33,562 - 66143 - [INFO] Starting permission enumeration for access-key-id "AKIAVD2QDYF6AYOR4M3K"
2025-05-15 01:45:34,892 - 66143 - [INFO] -- Account ARN : arn:aws:iam::351818465660:user/user-test
2025-05-15 01:45:34,892 - 66143 - [INFO] -- Account Id  : 351818465660
2025-05-15 01:45:34,892 - 66143 - [INFO] -- Account Path: user/user-test
2025-05-15 01:45:35,099 - 66143 - [INFO] Attempting common-service describe / list brute force.
2025-05-15 01:45:36,514 - 66143 - [INFO] -- ec2.describe_regions() worked!
2025-05-15 01:45:36,519 - 66143 - [INFO] -- ec2.describe_nat_gateways() worked!
2025-05-15 01:45:36,535 - 66143 - [INFO] -- ec2.describe_addresses() worked!
2025-05-15 01:45:36,603 - 66143 - [INFO] -- ec2.describe_instances() worked!
2025-05-15 01:45:36,949 - 66143 - [INFO] -- ec2.describe_prefix_lists() worked!
2025-05-15 01:45:41,637 - 66143 - [INFO] -- ec2.describe_egress_only_internet_gateways() worked!
2025-05-15 01:45:41,661 - 66143 - [INFO] -- ec2.describe_flow_logs() worked!
2025-05-15 01:45:41,671 - 66143 - [INFO] -- ec2.describe_vpn_gateways() worked!
2025-05-15 01:45:41,712 - 66143 - [INFO] -- ec2.describe_volume_status() worked!
2025-05-15 01:45:41,737 - 66143 - [INFO] -- ec2.describe_export_tasks() worked!
2025-05-15 01:45:41,776 - 66143 - [INFO] -- ec2.describe_security_groups() worked!
2025-05-15 01:45:41,819 - 66143 - [INFO] -- ec2.describe_dhcp_options() worked!
2025-05-15 01:45:41,910 - 66143 - [INFO] -- ec2.describe_aggregate_id_format() worked!
2025-05-15 01:45:42,161 - 66143 - [INFO] -- ec2.describe_availability_zones() worked!
2025-05-15 01:45:42,226 - 66143 - [INFO] -- ec2.describe_conversion_tasks() worked!
2025-05-15 01:45:42,420 - 66143 - [INFO] -- dynamodb.describe_endpoints() worked!
2025-05-15 01:45:42,460 - 66143 - [INFO] -- ec2.describe_reserved_instances() worked!
2025-05-15 01:45:42,516 - 66143 - [INFO] -- ec2.describe_vpc_endpoint_service_configurations() worked!
2025-05-15 01:45:42,736 - 66143 - [INFO] -- ec2.describe_scheduled_instances() worked!
2025-05-15 01:45:42,738 - 66143 - [INFO] -- ec2.describe_bundle_tasks() worked!
2025-05-15 01:45:43,012 - 66143 - [INFO] -- ec2.describe_fleets() worked!
2025-05-15 01:45:43,022 - 66143 - [INFO] -- ec2.describe_hosts() worked!
2025-05-15 01:45:43,143 - 66143 - [INFO] -- ec2.describe_launch_templates() worked!
2025-05-15 01:45:43,154 - 66143 - [INFO] -- ec2.describe_import_image_tasks() worked!
2025-05-15 01:45:43,249 - 66143 - [INFO] -- ec2.describe_key_pairs() worked!
2025-05-15 01:45:43,387 - 66143 - [INFO] -- ec2.describe_id_format() worked!
2025-05-15 01:45:43,401 - 66143 - [INFO] -- ec2.describe_account_attributes() worked!
2025-05-15 01:45:43,481 - 66143 - [INFO] -- ec2.describe_principal_id_format() worked!
2025-05-15 01:45:43,620 - 66143 - [INFO] -- ec2.describe_vpc_classic_link_dns_support() worked!
2025-05-15 01:45:43,638 - 66143 - [INFO] -- ec2.describe_transit_gateway_vpc_attachments() worked!
2025-05-15 01:45:43,745 - 66143 - [INFO] -- ec2.describe_route_tables() worked!
2025-05-15 01:45:43,884 - 66143 - [INFO] -- ec2.describe_vpc_endpoints() worked!
2025-05-15 01:45:43,893 - 66143 - [INFO] -- ec2.describe_client_vpn_endpoints() worked!
2025-05-15 01:45:43,967 - 66143 - [INFO] -- ec2.describe_capacity_reservations() worked!
2025-05-15 01:45:43,995 - 66143 - [INFO] -- ec2.describe_transit_gateway_attachments() worked!
2025-05-15 01:45:44,139 - 66143 - [INFO] -- ec2.describe_placement_groups() worked!
2025-05-15 01:45:44,230 - 66143 - [INFO] -- ec2.describe_transit_gateway_route_tables() worked!
2025-05-15 01:45:44,307 - 66143 - [INFO] -- ec2.describe_import_snapshot_tasks() worked!
2025-05-15 01:45:44,491 - 66143 - [INFO] -- ec2.describe_internet_gateways() worked!
2025-05-15 01:45:44,614 - 66143 - [INFO] -- ec2.describe_instance_status() worked!
2025-05-15 01:45:44,618 - 66143 - [INFO] -- ec2.describe_instance_credit_specifications() worked!
2025-05-15 01:45:44,726 - 66143 - [INFO] -- ec2.describe_customer_gateways() worked!
2025-05-15 01:45:44,979 - 66143 - [INFO] -- ec2.describe_vpc_peering_connections() worked!
2025-05-15 01:45:45,138 - 66143 - [INFO] -- ec2.describe_subnets() worked!
2025-05-15 01:45:45,268 - 66143 - [INFO] -- ec2.describe_volumes() worked!
2025-05-15 01:45:45,511 - 66143 - [INFO] -- ec2.describe_volumes_modifications() worked!
2025-05-15 01:45:45,827 - 66143 - [INFO] -- ec2.describe_classic_link_instances() worked!
2025-05-15 01:45:45,931 - 66143 - [INFO] -- ec2.describe_network_interfaces() worked!
2025-05-15 01:45:46,200 - 66143 - [INFO] -- ec2.describe_iam_instance_profile_associations() worked!
2025-05-15 01:45:46,423 - 66143 - [INFO] -- ec2.describe_public_ipv4_pools() worked!
2025-05-15 01:45:46,680 - 66143 - [INFO] -- ec2.describe_vpc_classic_link() worked!
2025-05-15 01:45:47,116 - 66143 - [INFO] -- ec2.describe_transit_gateways() worked!
2025-05-15 01:45:52,193 - 66143 - [INFO] -- ec2.describe_fpga_images() worked!
2025-05-15 01:46:05,829 - 66143 - [INFO] -- s3.list_buckets() worked!
2025-05-15 01:46:11,747 - 66143 - [INFO] -- ec2.describe_network_interface_permissions() worked!
2025-05-15 01:46:12,032 - 66143 - [INFO] -- ec2.describe_spot_fleet_requests() worked!
2025-05-15 01:46:12,334 - 66143 - [INFO] -- ec2.describe_tags() worked!
2025-05-15 01:46:12,788 - 66143 - [INFO] -- ec2.describe_reserved_instances_modifications() worked!
2025-05-15 01:46:15,304 - 66143 - [INFO] -- ec2.describe_reserved_instances_offerings() worked!
2025-05-15 01:46:15,584 - 66143 - [INFO] -- ec2.describe_vpcs() worked!
2025-05-15 01:46:19,107 - 66143 - [INFO] -- ec2.describe_snapshots() worked!
2025-05-15 01:46:19,406 - 66143 - [INFO] -- ec2.describe_vpn_connections() worked!
2025-05-15 01:46:19,680 - 66143 - [INFO] -- ec2.describe_vpc_endpoint_connections() worked!
2025-05-15 01:46:19,945 - 66143 - [INFO] -- ec2.describe_network_acls() worked!
2025-05-15 01:46:23,761 - 66143 - [INFO] -- ec2.describe_host_reservations() worked!
2025-05-15 01:46:27,799 - 66143 - [INFO] -- ec2.describe_spot_price_history() worked!
2025-05-15 01:46:29,121 - 66143 - [INFO] -- ec2.describe_host_reservation_offerings() worked!
2025-05-15 01:46:29,345 - 66143 - [INFO] -- ec2.describe_vpc_endpoint_connection_notifications() worked!
2025-05-15 01:46:29,589 - 66143 - [INFO] -- ec2.describe_spot_instance_requests() worked!
 Let's Go: where
call
