2025-05-15 01:52:58,423 - 67071 - [INFO] Starting permission enumeration for access-key-id "AKIAVD2QDYF6AYOR4M3K"
2025-05-15 01:53:04,800 - 67071 - [INFO] -- Account ARN : arn:aws:iam::351818465660:user/user-test
2025-05-15 01:53:04,800 - 67071 - [INFO] -- Account Id  : 351818465660
2025-05-15 01:53:04,800 - 67071 - [INFO] -- Account Path: user/user-test
2025-05-15 01:53:05,010 - 67071 - [INFO] Attempting common-service describe / list brute force.
2025-05-15 01:53:15,960 - 67071 - [INFO] -- dynamodb.describe_endpoints() worked!
2025-05-15 01:53:21,395 - 67071 - [INFO] -- ec2.describe_vpc_peering_connections() worked!
2025-05-15 01:53:21,396 - 67071 - [INFO] -- ec2.describe_availability_zones() worked!
2025-05-15 01:53:21,429 - 67071 - [INFO] -- ec2.describe_dhcp_options() worked!
2025-05-15 01:53:21,439 - 67071 - [INFO] -- ec2.describe_import_snapshot_tasks() worked!
2025-05-15 01:53:21,529 - 67071 - [INFO] -- ec2.describe_security_groups() worked!
2025-05-15 01:53:21,672 - 67071 - [INFO] -- ec2.describe_spot_fleet_requests() worked!
2025-05-15 01:53:21,674 - 67071 - [INFO] -- ec2.describe_addresses() worked!
2025-05-15 01:53:21,693 - 67071 - [INFO] -- ec2.describe_id_format() worked!
2025-05-15 01:53:21,793 - 67071 - [INFO] -- ec2.describe_internet_gateways() worked!
2025-05-15 01:53:21,931 - 67071 - [INFO] -- ec2.describe_route_tables() worked!
2025-05-15 01:53:21,962 - 67071 - [INFO] -- ec2.describe_volume_status() worked!
2025-05-15 01:53:22,028 - 67071 - [INFO] -- ec2.describe_network_interface_permissions() worked!
2025-05-15 01:53:22,183 - 67071 - [INFO] -- ec2.describe_subnets() worked!
2025-05-15 01:53:22,200 - 67071 - [INFO] -- ec2.describe_instances() worked!
2025-05-15 01:53:22,294 - 67071 - [INFO] -- ec2.describe_tags() worked!
2025-05-15 01:53:22,455 - 67071 - [INFO] -- ec2.describe_iam_instance_profile_associations() worked!
2025-05-15 01:53:22,639 - 67071 - [INFO] -- ec2.describe_aggregate_id_format() worked!
2025-05-15 01:53:22,759 - 67071 - [INFO] -- ec2.describe_vpc_classic_link_dns_support() worked!
2025-05-15 01:53:22,883 - 67071 - [INFO] -- ec2.describe_host_reservations() worked!
2025-05-15 01:53:23,056 - 67071 - [INFO] -- ec2.describe_reserved_instances() worked!
2025-05-15 01:53:23,123 - 67071 - [INFO] -- ec2.describe_prefix_lists() worked!
2025-05-15 01:53:23,193 - 67071 - [INFO] -- ec2.describe_capacity_reservations() worked!
2025-05-15 01:53:23,325 - 67071 - [INFO] -- ec2.describe_vpcs() worked!
2025-05-15 01:53:23,363 - 67071 - [INFO] -- ec2.describe_regions() worked!
2025-05-15 01:53:23,599 - 67071 - [INFO] -- ec2.describe_hosts() worked!
2025-05-15 01:53:23,855 - 67071 - [INFO] -- ec2.describe_client_vpn_endpoints() worked!
2025-05-15 01:53:24,107 - 67071 - [INFO] -- ec2.describe_transit_gateway_attachments() worked!
2025-05-15 01:53:24,360 - 67071 - [INFO] -- ec2.describe_public_ipv4_pools() worked!
2025-05-15 01:53:24,632 - 67071 - [INFO] -- ec2.describe_key_pairs() worked!
2025-05-15 01:53:25,513 - 67071 - [INFO] -- ec2.describe_spot_price_history() worked!
2025-05-15 01:53:25,795 - 67071 - [INFO] -- ec2.describe_fleets() worked!
2025-05-15 01:53:26,028 - 67071 - [INFO] -- ec2.describe_transit_gateway_vpc_attachments() worked!
2025-05-15 01:53:26,276 - 67071 - [INFO] -- ec2.describe_spot_instance_requests() worked!
2025-05-15 01:53:26,529 - 67071 - [INFO] -- ec2.describe_principal_id_format() worked!
2025-05-15 01:53:26,759 - 67071 - [INFO] -- ec2.describe_vpc_endpoint_connection_notifications() worked!
2025-05-15 01:53:27,016 - 67071 - [INFO] -- ec2.describe_placement_groups() worked!
2025-05-15 01:53:27,280 - 67071 - [INFO] -- ec2.describe_instance_credit_specifications() worked!
2025-05-15 01:53:27,515 - 67071 - [INFO] -- ec2.describe_egress_only_internet_gateways() worked!
2025-05-15 01:53:27,771 - 67071 - [INFO] -- ec2.describe_account_attributes() worked!
2025-05-15 01:53:28,030 - 67071 - [INFO] -- ec2.describe_network_acls() worked!
2025-05-15 01:53:28,300 - 67071 - [INFO] -- ec2.describe_vpc_endpoint_connections() worked!
2025-05-15 01:53:34,804 - 67071 - [INFO] -- ec2.describe_fpga_images() worked!
2025-05-15 01:53:55,061 - 67071 - [INFO] -- ec2.describe_classic_link_instances() worked!
2025-05-15 01:53:55,075 - 67071 - [INFO] -- ec2.describe_reserved_instances_modifications() worked!
2025-05-15 01:53:55,340 - 67071 - [INFO] -- ec2.describe_vpn_connections() worked!
2025-05-15 01:53:56,070 - 67071 - [INFO] -- ec2.describe_nat_gateways() worked!
2025-05-15 01:53:56,310 - 67071 - [INFO] -- ec2.describe_flow_logs() worked!
2025-05-15 01:53:56,608 - 67071 - [INFO] -- ec2.describe_instance_status() worked!
2025-05-15 01:53:56,873 - 67071 - [INFO] -- ec2.describe_vpc_endpoints() worked!
2025-05-15 01:53:57,314 - 67071 - [INFO] -- ec2.describe_volumes_modifications() worked!
2025-05-15 01:53:57,557 - 67071 - [INFO] -- ec2.describe_transit_gateways() worked!
2025-05-15 01:53:57,874 - 67071 - [INFO] -- ec2.describe_export_tasks() worked!
2025-05-15 01:53:58,120 - 67071 - [INFO] -- ec2.describe_transit_gateway_route_tables() worked!
2025-05-15 01:53:58,532 - 67071 - [INFO] -- ec2.describe_scheduled_instances() worked!
2025-05-15 01:53:58,801 - 67071 - [INFO] -- ec2.describe_volumes() worked!
2025-05-15 01:53:59,059 - 67071 - [INFO] -- ec2.describe_vpc_classic_link() worked!
2025-05-15 01:53:59,294 - 67071 - [INFO] -- ec2.describe_customer_gateways() worked!
2025-05-15 01:54:02,114 - 67071 - [INFO] -- ec2.describe_reserved_instances_offerings() worked!
2025-05-15 01:54:09,066 - 67071 - [INFO] -- ec2.describe_network_interfaces() worked!
2025-05-15 01:54:09,398 - 67071 - [INFO] -- ec2.describe_import_image_tasks() worked!
2025-05-15 01:54:09,666 - 67071 - [INFO] -- ec2.describe_vpc_endpoint_service_configurations() worked!
2025-05-15 01:54:10,554 - 67071 - [INFO] -- s3.list_buckets() worked!
2025-05-15 01:54:19,708 - 67071 - [INFO] -- ec2.describe_host_reservation_offerings() worked!
2025-05-15 01:54:19,970 - 67071 - [INFO] -- ec2.describe_vpn_gateways() worked!
2025-05-15 01:54:20,254 - 67071 - [INFO] -- ec2.describe_bundle_tasks() worked!
2025-05-15 01:54:20,501 - 67071 - [INFO] -- ec2.describe_launch_templates() worked!
2025-05-15 01:54:27,166 - 67071 - [INFO] -- ec2.describe_snapshots() worked!
2025-05-15 01:54:27,506 - 67071 - [INFO] -- ec2.describe_conversion_tasks() worked!
 Let's Go: where
call
