
##########################
        cloud_enum
   github.com/initstring
##########################


Keywords:    sskyroute
Mutations:   /home/skyroute/cloud-1/capstone/capstone/tools/cloud_enum/enum_tools/fuzz.txt
Brute-list:  /home/skyroute/cloud-1/capstone/capstone/tools/cloud_enum/enum_tools/fuzz.txt

[+] Mutations list imported: 3 items
[+] Mutated results: 19 items

++++++++++++++++++++++++++
      amazon checks
++++++++++++++++++++++++++

[+] Checking for S3 buckets
  [1m[92mOPEN S3 BUCKET: http://sskyroute.s3.ap-northeast-2.amazonaws.com/[0m
      FILES:
      ->http://sskyroute.s3.ap-northeast-2.amazonaws.com/sskyroute
  [1m[33mProtected S3 Bucket: http://sskyroute-userdata.s3.ap-northeast-2.amazonaws.com/[0m
    5/19 complete...
  [1m[92mOPEN S3 BUCKET: http://sskyroute-private.s3.ap-northeast-2.amazonaws.com/[0m
      FILES:
      ->http://sskyroute-private.s3.ap-northeast-2.amazonaws.com/sskyroute-private
    10/19 complete...
    15/19 complete...
  [1m[92mOPEN S3 BUCKET: http://sskyroute-test.s3.ap-northeast-2.amazonaws.com/[0m
      FILES:
      ->http://sskyroute-test.s3.ap-northeast-2.amazonaws.com/sskyroute-test
    20/19 complete...
                            
 Elapsed time: 00:00:00

[+] Checking for AWS Apps
[*] Brute-forcing a list of 19 possible DNS names
    5/19 complete...
    10/19 complete...
    15/19 complete...
    20/19 complete...
                            
 Elapsed time: 00:00:00


++++++++++++++++++++++++++
       azure checks
++++++++++++++++++++++++++

[+] Checking for Azure Storage Accounts
[*] Brute-forcing a list of 7 possible DNS names
    5/7 complete...
    10/7 complete...
                            
                            
 Elapsed time: 00:00:00

[+] Checking for Azure File Accounts
[*] Brute-forcing a list of 7 possible DNS names
    5/7 complete...
    10/7 complete...
                            
                            
 Elapsed time: 00:00:00

[+] Checking for Azure Queue Accounts
[*] Brute-forcing a list of 7 possible DNS names
    5/7 complete...
    10/7 complete...
                            
                            
 Elapsed time: 00:00:00

[+] Checking for Azure Table Accounts
[*] Brute-forcing a list of 7 possible DNS names
    [!] DNS Timeout on sskyrouteuserdata.table.core.windows.net. Investigate if there are many of these.
    5/7 complete...
    [!] DNS Timeout on sskyroutetest.table.core.windows.net. Investigate if there are many of these.
    [!] DNS Timeout on testsskyroute.table.core.windows.net. Investigate if there are many of these.
    10/7 complete...
                            
                            
 Elapsed time: 00:00:10

[+] Checking for Azure App Management Accounts
[*] Brute-forcing a list of 7 possible DNS names
    [!] DNS Timeout on userdatasskyroute.scm.azurewebsites.net. Investigate if there are many of these.
    [!] DNS Timeout on sskyroute.scm.azurewebsites.net. Investigate if there are many of these.
    [!] DNS Timeout on privatesskyroute.scm.azurewebsites.net. Investigate if there are many of these.
    [!] DNS Timeout on sskyrouteprivate.scm.azurewebsites.net. Investigate if there are many of these.
    [!] DNS Timeout on sskyrouteuserdata.scm.azurewebsites.net. Investigate if there are many of these.
    5/7 complete...
    [!] DNS Timeout on sskyroutetest.scm.azurewebsites.net. Investigate if there are many of these.
    [!] DNS Timeout on testsskyroute.scm.azurewebsites.net. Investigate if there are many of these.
    10/7 complete...
                            
                            
 Elapsed time: 00:00:10

[+] Checking for Azure Key Vault Accounts
[*] Brute-forcing a list of 7 possible DNS names
    [!] DNS Timeout on sskyroute.vault.azure.net. Investigate if there are many of these.
    [!] DNS Timeout on sskyrouteuserdata.vault.azure.net. Investigate if there are many of these.
    [!] DNS Timeout on userdatasskyroute.vault.azure.net. Investigate if there are many of these.
    [!] DNS Timeout on sskyrouteprivate.vault.azure.net. Investigate if there are many of these.
    [!] DNS Timeout on privatesskyroute.vault.azure.net. Investigate if there are many of these.
    5/7 complete...
    [!] DNS Timeout on sskyroutetest.vault.azure.net. Investigate if there are many of these.
    [!] DNS Timeout on testsskyroute.vault.azure.net. Investigate if there are many of these.
